<?xml version="1.0" encoding="UTF-8"?>
<!-- Generated by org.testng.reporters.JUnitXMLReporter -->
<testsuite ignored="0" hostname="LTIN197300" failures="0" tests="8" name="chrometest" time="211.921" errors="0" timestamp="2024-03-03T15:20:58 IST">
  <testcase classname="testCases.TC_001_BookShelves" name="bookShelvesCount" time="25.731"/>
  <testcase classname="testCases.TC_002_GiftCard" name="GiftCardPageData" time="43.895"/>
  <testcase classname="testCases.TC_002_GiftCard" name="test2" time="10.114"/>
  <testcase classname="testCases.TC_002_GiftCard" name="test2" time="8.367"/>
  <testcase classname="testCases.TC_002_GiftCard" name="test2" time="10.341"/>
  <testcase classname="testCases.TC_002_GiftCard" name="test2" time="11.134"/>
  <testcase classname="testCases.TC_002_GiftCard" name="test2" time="8.795"/>
  <testcase classname="testCases.TC_002_GiftCard" name="test2" time="18.297"/>
</testsuite> <!-- chrometest -->
