<?xml version="1.0" encoding="UTF-8"?>
<!-- Generated by org.testng.reporters.JUnitXMLReporter -->
<testsuite ignored="0" hostname="LTIN197300" failures="0" tests="8" name="edgetest" time="104.938" errors="0" timestamp="2024-03-05T19:53:25 IST">
  <testcase classname="testCases.TC_001_BookShelves" name="bookShelvesCount" time="16.473"/>
  <testcase classname="testCases.TC_002_GiftCard" name="GiftCardPageData" time="10.82"/>
  <testcase classname="testCases.TC_002_GiftCard" name="test2" time="7.143"/>
  <testcase classname="testCases.TC_002_GiftCard" name="test2" time="5.389"/>
  <testcase classname="testCases.TC_002_GiftCard" name="test2" time="5.25"/>
  <testcase classname="testCases.TC_002_GiftCard" name="test2" time="4.781"/>
  <testcase classname="testCases.TC_002_GiftCard" name="test2" time="5.274"/>
  <testcase classname="testCases.TC_002_GiftCard" name="test2" time="15.25"/>
</testsuite> <!-- edgetest -->
