<?xml version="1.0" encoding="UTF-8"?>
<!-- Generated by org.testng.reporters.JUnitXMLReporter -->
<testsuite ignored="0" hostname="LTIN197300" failures="0" tests="8" name="Test" time="180.811" errors="0" timestamp="2024-03-22T16:23:19 IST">
  <testcase classname="testCases.TC_001_BookShelves" name="bookShelvesCount" time="34.696"/>
  <testcase classname="testCases.TC_002_GiftCard" name="GiftCardPageData" time="33.562"/>
  <testcase classname="testCases.TC_002_GiftCard" name="test2" time="6.62"/>
  <testcase classname="testCases.TC_002_GiftCard" name="test2" time="6.655"/>
  <testcase classname="testCases.TC_002_GiftCard" name="test2" time="6.298"/>
  <testcase classname="testCases.TC_002_GiftCard" name="test2" time="7.21"/>
  <testcase classname="testCases.TC_002_GiftCard" name="test2" time="6.331"/>
  <testcase classname="testCases.TC_002_GiftCard" name="test2" time="17.738"/>
</testsuite> <!-- Test -->
