<?xml version="1.0" encoding="UTF-8"?>
<testng-results ignored="0" total="8" passed="8" failed="0" skipped="0">
  <reporter-output>
  </reporter-output>
  <suite started-at="2024-03-22T16:20:16 IST" name="Suite" finished-at="2024-03-22T16:23:17 IST" duration-ms="180811">
    <groups>
    </groups>
    <test started-at="2024-03-22T16:20:16 IST" name="Test" finished-at="2024-03-22T16:23:17 IST" duration-ms="180811">
      <class name="testCases.TC_002_GiftCard">
        <test-method is-config="true" signature="setup(java.lang.String,java.lang.String)[pri:0, instance:testCases.TC_002_GiftCard@6743e411]" started-at="2024-03-22T16:21:18 IST" name="setup" finished-at="2024-03-22T16:21:32 IST" duration-ms="13965" status="PASS">
          <params>
            <param index="0">
              <value>
                <![CDATA[Windows]]>
              </value>
            </param>
            <param index="1">
              <value>
                <![CDATA[chrome]]>
              </value>
            </param>
          </params>
          <reporter-output>
          </reporter-output>
        </test-method> <!-- setup -->
        <test-method signature="GiftCardPageData()[pri:0, instance:testCases.TC_002_GiftCard@6743e411]" started-at="2024-03-22T16:21:32 IST" name="GiftCardPageData" finished-at="2024-03-22T16:22:06 IST" duration-ms="33562" status="PASS">
          <reporter-output>
          </reporter-output>
        </test-method> <!-- GiftCardPageData -->
        <test-method signature="test2(java.lang.String,java.lang.String,java.lang.String,java.lang.String,java.lang.String,java.lang.String,java.lang.String,java.lang.String)[pri:0, instance:testCases.TC_002_GiftCard@6743e411]" started-at="2024-03-22T16:22:08 IST" name="test2" data-provider="dp" finished-at="2024-03-22T16:22:15 IST" duration-ms="6620" status="PASS">
          <params>
            <param index="0">
              <value>
                <![CDATA[Ravikumar]]>
              </value>
            </param>
            <param index="1">
              <value>
                <![CDATA[ravigmail.com]]>
              </value>
            </param>
            <param index="2">
              <value>
                <![CDATA["9876543280"]]>
              </value>
            </param>
            <param index="3">
              <value>
                <![CDATA[kiran]]>
              </value>
            </param>
            <param index="4">
              <value>
                <![CDATA[kiran@gmail.com]]>
              </value>
            </param>
            <param index="5">
              <value>
                <![CDATA["9876453310"]]>
              </value>
            </param>
            <param index="6">
              <value>
                <![CDATA[Hyderabad]]>
              </value>
            </param>
            <param index="7">
              <value>
                <![CDATA["500032"]]>
              </value>
            </param>
          </params>
          <reporter-output>
          </reporter-output>
        </test-method> <!-- test2 -->
        <test-method signature="test2(java.lang.String,java.lang.String,java.lang.String,java.lang.String,java.lang.String,java.lang.String,java.lang.String,java.lang.String)[pri:0, instance:testCases.TC_002_GiftCard@6743e411]" started-at="2024-03-22T16:22:15 IST" name="test2" data-provider="dp" finished-at="2024-03-22T16:22:21 IST" duration-ms="6655" status="PASS">
          <params>
            <param index="0">
              <value>
                <![CDATA[Ravikumar]]>
              </value>
            </param>
            <param index="1">
              <value>
                <![CDATA[ravi@gmail.com]]>
              </value>
            </param>
            <param index="2">
              <value>
                <![CDATA["0876543210"]]>
              </value>
            </param>
            <param index="3">
              <value>
                <![CDATA[kiran]]>
              </value>
            </param>
            <param index="4">
              <value>
                <![CDATA[kiran@gmail.com]]>
              </value>
            </param>
            <param index="5">
              <value>
                <![CDATA["9876453510"]]>
              </value>
            </param>
            <param index="6">
              <value>
                <![CDATA[Hyderabad]]>
              </value>
            </param>
            <param index="7">
              <value>
                <![CDATA["500032"]]>
              </value>
            </param>
          </params>
          <reporter-output>
          </reporter-output>
        </test-method> <!-- test2 -->
        <test-method signature="test2(java.lang.String,java.lang.String,java.lang.String,java.lang.String,java.lang.String,java.lang.String,java.lang.String,java.lang.String)[pri:0, instance:testCases.TC_002_GiftCard@6743e411]" started-at="2024-03-22T16:22:21 IST" name="test2" data-provider="dp" finished-at="2024-03-22T16:22:27 IST" duration-ms="6298" status="PASS">
          <params>
            <param index="0">
              <value>
                <![CDATA[Ravikumar]]>
              </value>
            </param>
            <param index="1">
              <value>
                <![CDATA[ravi@gmail.com]]>
              </value>
            </param>
            <param index="2">
              <value>
                <![CDATA["9876543610"]]>
              </value>
            </param>
            <param index="3">
              <value>
                <![CDATA[kiran]]>
              </value>
            </param>
            <param index="4">
              <value>
                <![CDATA[kirangmail.com]]>
              </value>
            </param>
            <param index="5">
              <value>
                <![CDATA["9876453610"]]>
              </value>
            </param>
            <param index="6">
              <value>
                <![CDATA[Hyderabad]]>
              </value>
            </param>
            <param index="7">
              <value>
                <![CDATA["500032"]]>
              </value>
            </param>
          </params>
          <reporter-output>
          </reporter-output>
        </test-method> <!-- test2 -->
        <test-method signature="test2(java.lang.String,java.lang.String,java.lang.String,java.lang.String,java.lang.String,java.lang.String,java.lang.String,java.lang.String)[pri:0, instance:testCases.TC_002_GiftCard@6743e411]" started-at="2024-03-22T16:22:27 IST" name="test2" data-provider="dp" finished-at="2024-03-22T16:22:35 IST" duration-ms="7210" status="PASS">
          <params>
            <param index="0">
              <value>
                <![CDATA[Ravikumar]]>
              </value>
            </param>
            <param index="1">
              <value>
                <![CDATA[ravi@gmail.com]]>
              </value>
            </param>
            <param index="2">
              <value>
                <![CDATA["9876543210"]]>
              </value>
            </param>
            <param index="3">
              <value>
                <![CDATA[kiran]]>
              </value>
            </param>
            <param index="4">
              <value>
                <![CDATA[kiran@gmail.com]]>
              </value>
            </param>
            <param index="5">
              <value>
                <![CDATA["123456789"]]>
              </value>
            </param>
            <param index="6">
              <value>
                <![CDATA[Hyderabad]]>
              </value>
            </param>
            <param index="7">
              <value>
                <![CDATA["500032"]]>
              </value>
            </param>
          </params>
          <reporter-output>
          </reporter-output>
        </test-method> <!-- test2 -->
        <test-method signature="test2(java.lang.String,java.lang.String,java.lang.String,java.lang.String,java.lang.String,java.lang.String,java.lang.String,java.lang.String)[pri:0, instance:testCases.TC_002_GiftCard@6743e411]" started-at="2024-03-22T16:22:35 IST" name="test2" data-provider="dp" finished-at="2024-03-22T16:22:41 IST" duration-ms="6331" status="PASS">
          <params>
            <param index="0">
              <value>
                <![CDATA[Ravikumar]]>
              </value>
            </param>
            <param index="1">
              <value>
                <![CDATA[ravi@gmail.com]]>
              </value>
            </param>
            <param index="2">
              <value>
                <![CDATA["9876543710"]]>
              </value>
            </param>
            <param index="3">
              <value>
                <![CDATA[kiran]]>
              </value>
            </param>
            <param index="4">
              <value>
                <![CDATA[kiran@gmail.com]]>
              </value>
            </param>
            <param index="5">
              <value>
                <![CDATA["9876453810"]]>
              </value>
            </param>
            <param index="6">
              <value>
                <![CDATA[Hyderabad]]>
              </value>
            </param>
            <param index="7">
              <value>
                <![CDATA["543210"]]>
              </value>
            </param>
          </params>
          <reporter-output>
          </reporter-output>
        </test-method> <!-- test2 -->
        <test-method signature="test2(java.lang.String,java.lang.String,java.lang.String,java.lang.String,java.lang.String,java.lang.String,java.lang.String,java.lang.String)[pri:0, instance:testCases.TC_002_GiftCard@6743e411]" started-at="2024-03-22T16:22:41 IST" name="test2" data-provider="dp" finished-at="2024-03-22T16:22:59 IST" duration-ms="17738" status="PASS">
          <params>
            <param index="0">
              <value>
                <![CDATA[Ravikumar]]>
              </value>
            </param>
            <param index="1">
              <value>
                <![CDATA[ravi@gmail.com]]>
              </value>
            </param>
            <param index="2">
              <value>
                <![CDATA["9876543810"]]>
              </value>
            </param>
            <param index="3">
              <value>
                <![CDATA[kiran]]>
              </value>
            </param>
            <param index="4">
              <value>
                <![CDATA[kiran@gmail.com]]>
              </value>
            </param>
            <param index="5">
              <value>
                <![CDATA["9876453910"]]>
              </value>
            </param>
            <param index="6">
              <value>
                <![CDATA[Hyderabad]]>
              </value>
            </param>
            <param index="7">
              <value>
                <![CDATA["500032"]]>
              </value>
            </param>
          </params>
          <reporter-output>
          </reporter-output>
        </test-method> <!-- test2 -->
        <test-method is-config="true" signature="tearDown()[pri:0, instance:testCases.TC_002_GiftCard@6743e411]" started-at="2024-03-22T16:22:59 IST" name="tearDown" finished-at="2024-03-22T16:23:17 IST" duration-ms="18249" status="PASS">
          <reporter-output>
          </reporter-output>
        </test-method> <!-- tearDown -->
      </class> <!-- testCases.TC_002_GiftCard -->
      <class name="testCases.TC_001_BookShelves">
        <test-method is-config="true" signature="setup(java.lang.String,java.lang.String)[pri:0, instance:testCases.TC_001_BookShelves@6989da5e]" started-at="2024-03-22T16:20:17 IST" name="setup" finished-at="2024-03-22T16:20:32 IST" duration-ms="15175" status="PASS">
          <params>
            <param index="0">
              <value>
                <![CDATA[Windows]]>
              </value>
            </param>
            <param index="1">
              <value>
                <![CDATA[chrome]]>
              </value>
            </param>
          </params>
          <reporter-output>
          </reporter-output>
        </test-method> <!-- setup -->
        <test-method signature="bookShelvesCount()[pri:0, instance:testCases.TC_001_BookShelves@6989da5e]" started-at="2024-03-22T16:20:32 IST" name="bookShelvesCount" finished-at="2024-03-22T16:21:07 IST" duration-ms="34696" status="PASS">
          <reporter-output>
          </reporter-output>
        </test-method> <!-- bookShelvesCount -->
        <test-method is-config="true" signature="tearDown()[pri:0, instance:testCases.TC_001_BookShelves@6989da5e]" started-at="2024-03-22T16:21:07 IST" name="tearDown" finished-at="2024-03-22T16:21:18 IST" duration-ms="11354" status="PASS">
          <reporter-output>
          </reporter-output>
        </test-method> <!-- tearDown -->
      </class> <!-- testCases.TC_001_BookShelves -->
    </test> <!-- Test -->
  </suite> <!-- Suite -->
</testng-results>
